<?xml version="1.0" encoding="UTF-8"?>
<!-- Generated by org.testng.reporters.JUnitXMLReporter -->
<testsuite ignored="0" hostname="Jewells-MacBook-Pro.local" failures="1" tests="17" name="TestNG Combo Googele Test Suite" time="10.382" errors="0" timestamp="04 Feb 2019 23:57:42 GMT">
  <testcase classname="com.test.ExecptionTimeOutTest" name="test1" time="0.003"/>
  <testcase classname="com.test.GoogleTitleTest" name="googleLogoTest" time="0.032"/>
  <testcase classname="com.test.GoogleTitleTest" name="googleTitleTest" time="0.005">
    <failure type="java.lang.AssertionError" message="title is not matched expected [Google123] but found [Google]">
      <![CDATA[java.lang.AssertionError: title is not matched expected [Google123] but found [Google]
at com.test.GoogleTitleTest.googleTitleTest(GoogleTitleTest.java:37)
... Removed 30 stack frames]]>
    </failure>
  </testcase> <!-- googleTitleTest -->
  <testcase classname="com.test.InvocationCountTest" name="sum" time="0.001"/>
  <testcase classname="com.test.InvocationCountTest" name="sum" time="0.0"/>
  <testcase classname="com.test.InvocationCountTest" name="sum" time="0.0"/>
  <testcase classname="com.test.InvocationCountTest" name="sum" time="0.001"/>
  <testcase classname="com.test.InvocationCountTest" name="sum" time="0.0"/>
  <testcase classname="com.test.InvocationCountTest" name="sum" time="0.001"/>
  <testcase classname="com.test.InvocationCountTest" name="sum" time="0.007"/>
  <testcase classname="com.test.InvocationCountTest" name="sum" time="0.0"/>
  <testcase classname="com.test.InvocationCountTest" name="sum" time="0.001"/>
  <testcase classname="com.test.InvocationCountTest" name="sum" time="0.001"/>
  <testcase classname="com.test.TestNgBasics" name="SearchTest" time="0.001"/>
  <testcase classname="com.test.TestNgBasics" name="googleLogoTest" time="0.001"/>
  <testcase classname="com.test.TestNgBasics" name="googleTitleTest" time="0.001"/>
  <testcase classname="com.test.TestNgFeatures" name="loginTest" time="0.003"/>
</testsuite> <!-- TestNG Combo Googele Test Suite -->
