<?xml version="1.0" encoding="UTF-8"?>
<!-- Generated by org.testng.reporters.JUnitXMLReporter -->
<testsuite hostname="Jewells-MacBook-Pro.local" ignored="0" name="TestNG Combo Googele Test Suite" tests="17" failures="1" timestamp="28 Dec 2019 02:34:18 GMT" time="41.645" errors="0">
  <testcase name="test1" time="0.003" classname="com.test.ExecptionTimeOutTest"/>
  <testcase name="googleLogoTest" time="30.043" classname="com.test.GoogleTitleTest">
    <failure type="org.openqa.selenium.NoSuchElementException" message="Unable to locate element: #Googlelogo
For documentation on this error, please visit: https://www.seleniumhq.org/exceptions/no_such_element.html
Build info: version: &amp;apos;3.141.59&amp;apos;, revision: &amp;apos;e82be7d358&amp;apos;, time: &amp;apos;2018-11-14T08:25:48&amp;apos;
System info: host: &amp;apos;Jewells-MacBook-Pro.local&amp;apos;, ip: &amp;apos;fe80:0:0:0:e8:d13d:3513:a095%en0&amp;apos;, os.name: &amp;apos;Mac OS X&amp;apos;, os.arch: &amp;apos;x86_64&amp;apos;, os.version: &amp;apos;10.15.2&amp;apos;, java.version: &amp;apos;1.8.0_201&amp;apos;
Driver info: org.openqa.selenium.firefox.FirefoxDriver
Capabilities {acceptInsecureCerts: true, browserName: firefox, browserVersion: 71.0, javascriptEnabled: true, moz:accessibilityChecks: false, moz:buildID: 20191202093317, moz:geckodriverVersion: 0.23.0, moz:headless: false, moz:processID: 2896, moz:profile: /var/folders/69/wvcn82r17px..., moz:shutdownTimeout: 60000, moz:useNonSpecCompliantPointerOrigin: false, moz:webdriverClick: true, pageLoadStrategy: normal, platform: MAC, platformName: MAC, platformVersion: 19.2.0, rotatable: false, setWindowRect: true, strictFileInteractability: false, timeouts: {implicit: 0, pageLoad: 300000, script: 30000}, unhandledPromptBehavior: dismiss and notify}
Session ID: 66b4f6d9-14b5-6c4f-b7f8-bd0bd48b47b5
*** Element info: {Using=id, value=Googlelogo}">
      <![CDATA[org.openqa.selenium.NoSuchElementException: Unable to locate element: #Googlelogo
For documentation on this error, please visit: https://www.seleniumhq.org/exceptions/no_such_element.html
Build info: version: '3.141.59', revision: 'e82be7d358', time: '2018-11-14T08:25:48'
System info: host: 'Jewells-MacBook-Pro.local', ip: 'fe80:0:0:0:e8:d13d:3513:a095%en0', os.name: 'Mac OS X', os.arch: 'x86_64', os.version: '10.15.2', java.version: '1.8.0_201'
Driver info: org.openqa.selenium.firefox.FirefoxDriver
Capabilities {acceptInsecureCerts: true, browserName: firefox, browserVersion: 71.0, javascriptEnabled: true, moz:accessibilityChecks: false, moz:buildID: 20191202093317, moz:geckodriverVersion: 0.23.0, moz:headless: false, moz:processID: 2896, moz:profile: /var/folders/69/wvcn82r17px..., moz:shutdownTimeout: 60000, moz:useNonSpecCompliantPointerOrigin: false, moz:webdriverClick: true, pageLoadStrategy: normal, platform: MAC, platformName: MAC, platformVersion: 19.2.0, rotatable: false, setWindowRect: true, strictFileInteractability: false, timeouts: {implicit: 0, pageLoad: 300000, script: 30000}, unhandledPromptBehavior: dismiss and notify}
Session ID: 66b4f6d9-14b5-6c4f-b7f8-bd0bd48b47b5
*** Element info: {Using=id, value=Googlelogo}
at org.openqa.selenium.remote.http.W3CHttpResponseCodec.createException(W3CHttpResponseCodec.java:187)
at org.openqa.selenium.remote.http.W3CHttpResponseCodec.decode(W3CHttpResponseCodec.java:122)
at org.openqa.selenium.remote.http.W3CHttpResponseCodec.decode(W3CHttpResponseCodec.java:49)
at org.openqa.selenium.remote.HttpCommandExecutor.execute(HttpCommandExecutor.java:158)
at org.openqa.selenium.remote.service.DriverCommandExecutor.execute(DriverCommandExecutor.java:83)
at org.openqa.selenium.remote.RemoteWebDriver.execute(RemoteWebDriver.java:552)
at org.openqa.selenium.remote.RemoteWebDriver.findElement(RemoteWebDriver.java:323)
at org.openqa.selenium.remote.RemoteWebDriver.findElementById(RemoteWebDriver.java:372)
at org.openqa.selenium.By$ById.findElement(By.java:188)
at org.openqa.selenium.remote.RemoteWebDriver.findElement(RemoteWebDriver.java:315)
at com.test.GoogleTitleTest.googleLogoTest(GoogleTitleTest.java:53)
... Removed 29 stack frames]]>
    </failure>
  </testcase> <!-- googleLogoTest -->
  <testcase name="googleTitleTest" time="0.008" classname="com.test.GoogleTitleTest"/>
  <testcase name="sum" time="0.002" classname="com.test.InvocationCountTest"/>
  <testcase name="sum" time="0.0" classname="com.test.InvocationCountTest"/>
  <testcase name="sum" time="0.001" classname="com.test.InvocationCountTest"/>
  <testcase name="sum" time="0.001" classname="com.test.InvocationCountTest"/>
  <testcase name="sum" time="0.0" classname="com.test.InvocationCountTest"/>
  <testcase name="sum" time="0.001" classname="com.test.InvocationCountTest"/>
  <testcase name="sum" time="0.001" classname="com.test.InvocationCountTest"/>
  <testcase name="sum" time="0.001" classname="com.test.InvocationCountTest"/>
  <testcase name="sum" time="0.001" classname="com.test.InvocationCountTest"/>
  <testcase name="sum" time="0.0" classname="com.test.InvocationCountTest"/>
  <testcase name="SearchTest" time="0.0" classname="com.test.TestNgBasics"/>
  <testcase name="googleLogoTest" time="0.001" classname="com.test.TestNgBasics"/>
  <testcase name="googleTitleTest" time="0.001" classname="com.test.TestNgBasics"/>
  <testcase name="loginTest" time="0.001" classname="com.test.TestNgFeatures"/>
</testsuite> <!-- TestNG Combo Googele Test Suite -->
