<?xml version="1.0" encoding="UTF-8"?>
<testng-results ignored="0" total="2" passed="2" failed="0" skipped="0">
  <reporter-output>
  </reporter-output>
  <suite started-at="2019-02-03T18:47:40Z" name="Default suite" finished-at="2019-02-03T18:47:40Z" duration-ms="27">
    <groups>
    </groups>
    <test started-at="2019-02-03T18:47:40Z" name="Default test" finished-at="2019-02-03T18:47:40Z" duration-ms="27">
      <class name="com.test.TestnNGFeatures">
        <test-method signature="HomePageTest()[pri:0, instance:com.test.TestnNGFeatures@7671cb68]" started-at="2019-02-03T18:47:40Z" name="HomePageTest" finished-at="2019-02-03T18:47:40Z" duration-ms="7" status="PASS">
          <reporter-output>
          </reporter-output>
        </test-method> <!-- HomePageTest -->
        <test-method signature="loginTest()[pri:0, instance:com.test.TestnNGFeatures@7671cb68]" started-at="2019-02-03T18:47:40Z" name="loginTest" finished-at="2019-02-03T18:47:40Z" duration-ms="1" status="PASS">
          <reporter-output>
          </reporter-output>
        </test-method> <!-- loginTest -->
      </class> <!-- com.test.TestnNGFeatures -->
    </test> <!-- Default test -->
  </suite> <!-- Default suite -->
</testng-results>
